0 info it worked if it ends with ok
1 verbose cli [ '/Users/sandeeppoomanglaath/.nvm/versions/node/v6.10.3/bin/node',
1 verbose cli   '/Users/sandeeppoomanglaath/.nvm/versions/node/v6.10.3/bin/npm',
1 verbose cli   'run',
1 verbose cli   'client' ]
2 info using npm@3.10.10
3 info using node@v6.10.3
4 verbose run-script [ 'preclient', 'client', 'postclient' ]
5 info lifecycle full_stack_application@1.0.0~preclient: full_stack_application@1.0.0
6 silly lifecycle full_stack_application@1.0.0~preclient: no script for preclient, continuing
7 info lifecycle full_stack_application@1.0.0~client: full_stack_application@1.0.0
8 verbose lifecycle full_stack_application@1.0.0~client: unsafe-perm in lifecycle true
9 verbose lifecycle full_stack_application@1.0.0~client: PATH: /Users/sandeeppoomanglaath/.nvm/versions/node/v6.10.3/lib/node_modules/npm/bin/node-gyp-bin:/Users/sandeeppoomanglaath/full_stack-application/node_modules/.bin:/Users/sandeeppoomanglaath/.nvm/versions/node/v6.10.3/lib/node_modules/npm/bin/node-gyp-bin:/Users/sandeeppoomanglaath/full_stack-application/node_modules/.bin:/Users/sandeeppoomanglaath/.nvm/versions/node/v6.10.3/bin:/usr/local/bin:/usr/bin:/bin:/usr/sbin:/sbin:/usr/local/go/bin:/Users/sandeeppoomanglaath/.nvm/versions/node/v6.10.3/bin:/Users/sandeeppoomanglaath/go/bin:/Users/sandeeppoomanglaath/commonpath:/Users/sandeeppoomanglaath/go/bin:/Users/sandeeppoomanglaath/commonpath
10 verbose lifecycle full_stack_application@1.0.0~client: CWD: /Users/sandeeppoomanglaath/full_stack-application
11 silly lifecycle full_stack_application@1.0.0~client: Args: [ '-c', 'npm run start --prefix client' ]
12 silly lifecycle full_stack_application@1.0.0~client: Returned: code: 1  signal: null
13 info lifecycle full_stack_application@1.0.0~client: Failed to exec client script
14 verbose stack Error: full_stack_application@1.0.0 client: `npm run start --prefix client`
14 verbose stack Exit status 1
14 verbose stack     at EventEmitter.<anonymous> (/Users/sandeeppoomanglaath/.nvm/versions/node/v6.10.3/lib/node_modules/npm/lib/utils/lifecycle.js:255:16)
14 verbose stack     at emitTwo (events.js:106:13)
14 verbose stack     at EventEmitter.emit (events.js:191:7)
14 verbose stack     at ChildProcess.<anonymous> (/Users/sandeeppoomanglaath/.nvm/versions/node/v6.10.3/lib/node_modules/npm/lib/utils/spawn.js:40:14)
14 verbose stack     at emitTwo (events.js:106:13)
14 verbose stack     at ChildProcess.emit (events.js:191:7)
14 verbose stack     at maybeClose (internal/child_process.js:886:16)
14 verbose stack     at Process.ChildProcess._handle.onexit (internal/child_process.js:226:5)
15 verbose pkgid full_stack_application@1.0.0
16 verbose cwd /Users/sandeeppoomanglaath/full_stack-application
17 error Darwin 18.7.0
18 error argv "/Users/sandeeppoomanglaath/.nvm/versions/node/v6.10.3/bin/node" "/Users/sandeeppoomanglaath/.nvm/versions/node/v6.10.3/bin/npm" "run" "client"
19 error node v6.10.3
20 error npm  v3.10.10
21 error code ELIFECYCLE
22 error full_stack_application@1.0.0 client: `npm run start --prefix client`
22 error Exit status 1
23 error Failed at the full_stack_application@1.0.0 client script 'npm run start --prefix client'.
23 error Make sure you have the latest version of node.js and npm installed.
23 error If you do, this is most likely a problem with the full_stack_application package,
23 error not with npm itself.
23 error Tell the author that this fails on your system:
23 error     npm run start --prefix client
23 error You can get information on how to open an issue for this project with:
23 error     npm bugs full_stack_application
23 error Or if that isn't available, you can get their info via:
23 error     npm owner ls full_stack_application
23 error There is likely additional logging output above.
24 verbose exit [ 1, true ]
